This is pdfTeX, Version 3.14159265-2.6-1.40.19 (MiKTeX 2.9.6880 64-bit) (preloaded format=pdflatex 2018.11.19)  19 DEC 2018 20:22
entering extended mode
**./FysikRapport.tex
(FysikRapport.tex
LaTeX2e <2018-04-01> patch level 5
("C:\Program Files\MiKTeX 2.9\tex\latex\base\article.cls"
Document Class: article 2014/09/29 v1.4h Standard LaTeX document class
("C:\Program Files\MiKTeX 2.9\tex\latex\base\size12.clo"
File: size12.clo 2014/09/29 v1.4h Standard LaTeX file (size option)
)
\c@part=\count80
\c@section=\count81
\c@subsection=\count82
\c@subsubsection=\count83
\c@paragraph=\count84
\c@subparagraph=\count85
\c@figure=\count86
\c@table=\count87
\abovecaptionskip=\skip41
\belowcaptionskip=\skip42
\bibindent=\dimen102
) (Tekst/PageSetup.tex ("C:\Program Files\MiKTeX 2.9\tex\latex\xcolor\xcolor.st
y"
Package: xcolor 2016/05/11 v2.12 LaTeX color extensions (UK)

("C:\Program Files\MiKTeX 2.9\tex\latex\graphics-cfg\color.cfg"
File: color.cfg 2016/01/02 v1.6 sample color configuration
)
Package xcolor Info: Driver file: pdftex.def on input line 225.

("C:\Program Files\MiKTeX 2.9\tex\latex\graphics-def\pdftex.def"
File: pdftex.def 2018/01/08 v1.0l Graphics/color driver for pdftex
)
Package xcolor Info: Model `cmy' substituted by `cmy0' on input line 1348.
Package xcolor Info: Model `hsb' substituted by `rgb' on input line 1352.
Package xcolor Info: Model `RGB' extended on input line 1364.
Package xcolor Info: Model `HTML' substituted by `rgb' on input line 1366.
Package xcolor Info: Model `Hsb' substituted by `hsb' on input line 1367.
Package xcolor Info: Model `tHsb' substituted by `hsb' on input line 1368.
Package xcolor Info: Model `HSB' substituted by `hsb' on input line 1369.
Package xcolor Info: Model `Gray' substituted by `gray' on input line 1370.
Package xcolor Info: Model `wave' substituted by `hsb' on input line 1371.

("C:\Program Files\MiKTeX 2.9\tex\latex\graphics\dvipsnam.def"
File: dvipsnam.def 2016/06/17 v3.0m Driver-dependent file (DPC,SPQR)
))
("C:\Program Files\MiKTeX 2.9\tex\latex\graphics\graphicx.sty"
Package: graphicx 2017/06/01 v1.1a Enhanced LaTeX Graphics (DPC,SPQR)

("C:\Program Files\MiKTeX 2.9\tex\latex\graphics\keyval.sty"
Package: keyval 2014/10/28 v1.15 key=value parser (DPC)
\KV@toks@=\toks14
)
("C:\Program Files\MiKTeX 2.9\tex\latex\graphics\graphics.sty"
Package: graphics 2017/06/25 v1.2c Standard LaTeX Graphics (DPC,SPQR)

("C:\Program Files\MiKTeX 2.9\tex\latex\graphics\trig.sty"
Package: trig 2016/01/03 v1.10 sin cos tan (DPC)
)
("C:\Program Files\MiKTeX 2.9\tex\latex\graphics-cfg\graphics.cfg"
File: graphics.cfg 2016/06/04 v1.11 sample graphics configuration
)
Package graphics Info: Driver file: pdftex.def on input line 99.
)
\Gin@req@height=\dimen103
\Gin@req@width=\dimen104
)
("C:\Program Files\MiKTeX 2.9\tex\latex\geometry\geometry.sty"
Package: geometry 2018/04/16 v5.8 Page Geometry

("C:\Program Files\MiKTeX 2.9\tex\generic\oberdiek\ifpdf.sty"
Package: ifpdf 2018/09/07 v3.3 Provides the ifpdf switch
)
("C:\Program Files\MiKTeX 2.9\tex\generic\oberdiek\ifvtex.sty"
Package: ifvtex 2016/05/16 v1.6 Detect VTeX and its facilities (HO)
Package ifvtex Info: VTeX not detected.
)
("C:\Program Files\MiKTeX 2.9\tex\generic\ifxetex\ifxetex.sty"
Package: ifxetex 2010/09/12 v0.6 Provides ifxetex conditional
)
\Gm@cnth=\count88
\Gm@cntv=\count89
\c@Gm@tempcnt=\count90
\Gm@bindingoffset=\dimen105
\Gm@wd@mp=\dimen106
\Gm@odd@mp=\dimen107
\Gm@even@mp=\dimen108
\Gm@layoutwidth=\dimen109
\Gm@layoutheight=\dimen110
\Gm@layouthoffset=\dimen111
\Gm@layoutvoffset=\dimen112
\Gm@dimlist=\toks15

("C:\Program Files\MiKTeX 2.9\tex\latex\geometry\geometry.cfg"))
("C:\Program Files\MiKTeX 2.9\tex\generic\babel\babel.sty"
Package: babel 2018/11/13 3.27 The Babel package

("C:\Program Files\MiKTeX 2.9\tex\generic\babel\switch.def"
File: switch.def 2018/11/13 3.27 Babel switching mechanism
)
*************************************
* Local config file bblopts.cfg used
*
("C:\Program Files\MiKTeX 2.9\tex\latex\arabi\bblopts.cfg"
File: bblopts.cfg 2005/09/08 v0.1 add Arabic and Farsi to "declared" options of
 babel
)
("C:\Program Files\MiKTeX 2.9\tex\latex\babel-english\english.ldf"
Language: english 2017/06/06 v3.3r English support from the babel system

("C:\Program Files\MiKTeX 2.9\tex\generic\babel\babel.def"
File: babel.def 2018/11/13 3.27 Babel common definitions
\babel@savecnt=\count91
\U@D=\dimen113

("C:\Program Files\MiKTeX 2.9\tex\generic\babel\txtbabel.def")
\bbl@dirlevel=\count92
)
\l@canadian = a dialect from \language\l@american 
\l@australian = a dialect from \language\l@british 
\l@newzealand = a dialect from \language\l@british 
))
("C:\Program Files\MiKTeX 2.9\tex\latex\base\inputenc.sty"
Package: inputenc 2018/04/06 v1.3b Input encoding file
\inpenc@prehook=\toks16
\inpenc@posthook=\toks17

("C:\Program Files\MiKTeX 2.9\tex\latex\ucs\utf8x.def"
File: utf8x.def 2004/10/17 UCS: Input encoding UTF-8
))
("C:\Program Files\MiKTeX 2.9\tex\latex\ucs\ucs.sty"
Package: ucs 2013/05/11 v2.2 UCS: Unicode input support

("C:\Program Files\MiKTeX 2.9\tex\latex\ucs\uni-global.def"
File: uni-global.def 2013/05/13 UCS: Unicode global data
)
\uc@secondtry=\count93
\uc@combtoks=\toks18
\uc@combtoksb=\toks19
\uc@temptokena=\toks20
)
("C:\Program Files\MiKTeX 2.9\tex\latex\amsmath\amsmath.sty"
Package: amsmath 2017/09/02 v2.17a AMS math features
\@mathmargin=\skip43

For additional information on amsmath, use the `?' option.
("C:\Program Files\MiKTeX 2.9\tex\latex\amsmath\amstext.sty"
Package: amstext 2000/06/29 v2.01 AMS text

("C:\Program Files\MiKTeX 2.9\tex\latex\amsmath\amsgen.sty"
File: amsgen.sty 1999/11/30 v2.0 generic functions
\@emptytoks=\toks21
\ex@=\dimen114
))
("C:\Program Files\MiKTeX 2.9\tex\latex\amsmath\amsbsy.sty"
Package: amsbsy 1999/11/29 v1.2d Bold Symbols
\pmbraise@=\dimen115
)
("C:\Program Files\MiKTeX 2.9\tex\latex\amsmath\amsopn.sty"
Package: amsopn 2016/03/08 v2.02 operator names
)
\inf@bad=\count94
LaTeX Info: Redefining \frac on input line 213.
\uproot@=\count95
\leftroot@=\count96
LaTeX Info: Redefining \overline on input line 375.
\classnum@=\count97
\DOTSCASE@=\count98
LaTeX Info: Redefining \ldots on input line 472.
LaTeX Info: Redefining \dots on input line 475.
LaTeX Info: Redefining \cdots on input line 596.
\Mathstrutbox@=\box26
\strutbox@=\box27
\big@size=\dimen116
LaTeX Font Info:    Redeclaring font encoding OML on input line 712.
LaTeX Font Info:    Redeclaring font encoding OMS on input line 713.
\macc@depth=\count99
\c@MaxMatrixCols=\count100
\dotsspace@=\muskip10
\c@parentequation=\count101
\dspbrk@lvl=\count102
\tag@help=\toks22
\row@=\count103
\column@=\count104
\maxfields@=\count105
\andhelp@=\toks23
\eqnshift@=\dimen117
\alignsep@=\dimen118
\tagshift@=\dimen119
\tagwidth@=\dimen120
\totwidth@=\dimen121
\lineht@=\dimen122
\@envbody=\toks24
\multlinegap=\skip44
\multlinetaggap=\skip45
\mathdisplay@stack=\toks25
LaTeX Info: Redefining \[ on input line 2817.
LaTeX Info: Redefining \] on input line 2818.
)
("C:\Program Files\MiKTeX 2.9\tex\latex\todonotes\todonotes.sty"
Package: todonotes 2015/07/09 .dtx Todonotes source and documentation.
Package: todonotes 2012/07/25

("C:\Program Files\MiKTeX 2.9\tex\latex\base\ifthen.sty"
Package: ifthen 2014/09/29 v1.1c Standard LaTeX ifthen package (DPC)
)
("C:\Program Files\MiKTeX 2.9\tex\latex\xkeyval\xkeyval.sty"
Package: xkeyval 2014/12/03 v2.7a package option processing (HA)

("C:\Program Files\MiKTeX 2.9\tex\generic\xkeyval\xkeyval.tex"
("C:\Program Files\MiKTeX 2.9\tex\generic\xkeyval\xkvutils.tex"
\XKV@toks=\toks26
\XKV@tempa@toks=\toks27
)
\XKV@depth=\count106
File: xkeyval.tex 2014/12/03 v2.7a key=value parser (HA)
))
("C:\Program Files\MiKTeX 2.9\tex\latex\pgf\frontendlayer\tikz.sty"
("C:\Program Files\MiKTeX 2.9\tex\latex\pgf\basiclayer\pgf.sty"
("C:\Program Files\MiKTeX 2.9\tex\latex\pgf\utilities\pgfrcs.sty"
("C:\Program Files\MiKTeX 2.9\tex\generic\pgf\utilities\pgfutil-common.tex"
\pgfutil@everybye=\toks28
\pgfutil@tempdima=\dimen123
\pgfutil@tempdimb=\dimen124

("C:\Program Files\MiKTeX 2.9\tex\generic\pgf\utilities\pgfutil-common-lists.te
x")) ("C:\Program Files\MiKTeX 2.9\tex\generic\pgf\utilities\pgfutil-latex.def"
\pgfutil@abb=\box28
("C:\Program Files\MiKTeX 2.9\tex\latex\ms\everyshi.sty"
Package: everyshi 2001/05/15 v3.00 EveryShipout Package (MS)
))
("C:\Program Files\MiKTeX 2.9\tex\generic\pgf\utilities\pgfrcs.code.tex"
Package: pgfrcs 2015/08/07 v3.0.1a (rcs-revision 1.31)
))
Package: pgf 2015/08/07 v3.0.1a (rcs-revision 1.15)

("C:\Program Files\MiKTeX 2.9\tex\latex\pgf\basiclayer\pgfcore.sty"
("C:\Program Files\MiKTeX 2.9\tex\latex\pgf\systemlayer\pgfsys.sty"
("C:\Program Files\MiKTeX 2.9\tex\generic\pgf\systemlayer\pgfsys.code.tex"
Package: pgfsys 2014/07/09 v3.0.1a (rcs-revision 1.48)

("C:\Program Files\MiKTeX 2.9\tex\generic\pgf\utilities\pgfkeys.code.tex"
\pgfkeys@pathtoks=\toks29
\pgfkeys@temptoks=\toks30

("C:\Program Files\MiKTeX 2.9\tex\generic\pgf\utilities\pgfkeysfiltered.code.te
x"
\pgfkeys@tmptoks=\toks31
))
\pgf@x=\dimen125
\pgf@y=\dimen126
\pgf@xa=\dimen127
\pgf@ya=\dimen128
\pgf@xb=\dimen129
\pgf@yb=\dimen130
\pgf@xc=\dimen131
\pgf@yc=\dimen132
\w@pgf@writea=\write3
\r@pgf@reada=\read1
\c@pgf@counta=\count107
\c@pgf@countb=\count108
\c@pgf@countc=\count109
\c@pgf@countd=\count110
\t@pgf@toka=\toks32
\t@pgf@tokb=\toks33
\t@pgf@tokc=\toks34
 ("C:\Program Files\MiKTeX 2.9\tex\generic\pgf\systemlayer\pgf.cfg"
File: pgf.cfg 2008/05/14  (rcs-revision 1.7)
)
Driver file for pgf: pgfsys-pdftex.def

("C:\Program Files\MiKTeX 2.9\tex\generic\pgf\systemlayer\pgfsys-pdftex.def"
File: pgfsys-pdftex.def 2014/10/11  (rcs-revision 1.35)

("C:\Program Files\MiKTeX 2.9\tex\generic\pgf\systemlayer\pgfsys-common-pdf.def
"
File: pgfsys-common-pdf.def 2013/10/10  (rcs-revision 1.13)
)))
("C:\Program Files\MiKTeX 2.9\tex\generic\pgf\systemlayer\pgfsyssoftpath.code.t
ex"
File: pgfsyssoftpath.code.tex 2013/09/09  (rcs-revision 1.9)
\pgfsyssoftpath@smallbuffer@items=\count111
\pgfsyssoftpath@bigbuffer@items=\count112
)
("C:\Program Files\MiKTeX 2.9\tex\generic\pgf\systemlayer\pgfsysprotocol.code.t
ex"
File: pgfsysprotocol.code.tex 2006/10/16  (rcs-revision 1.4)
)) ("C:\Program Files\MiKTeX 2.9\tex\generic\pgf\basiclayer\pgfcore.code.tex"
Package: pgfcore 2010/04/11 v3.0.1a (rcs-revision 1.7)
 ("C:\Program Files\MiKTeX 2.9\tex\generic\pgf\math\pgfmath.code.tex"
("C:\Program Files\MiKTeX 2.9\tex\generic\pgf\math\pgfmathcalc.code.tex"
("C:\Program Files\MiKTeX 2.9\tex\generic\pgf\math\pgfmathutil.code.tex")
("C:\Program Files\MiKTeX 2.9\tex\generic\pgf\math\pgfmathparser.code.tex"
\pgfmath@dimen=\dimen133
\pgfmath@count=\count113
\pgfmath@box=\box29
\pgfmath@toks=\toks35
\pgfmath@stack@operand=\toks36
\pgfmath@stack@operation=\toks37
)
("C:\Program Files\MiKTeX 2.9\tex\generic\pgf\math\pgfmathfunctions.code.tex"
("C:\Program Files\MiKTeX 2.9\tex\generic\pgf\math\pgfmathfunctions.basic.code.
tex")
("C:\Program Files\MiKTeX 2.9\tex\generic\pgf\math\pgfmathfunctions.trigonometr
ic.code.tex")
("C:\Program Files\MiKTeX 2.9\tex\generic\pgf\math\pgfmathfunctions.random.code
.tex")
("C:\Program Files\MiKTeX 2.9\tex\generic\pgf\math\pgfmathfunctions.comparison.
code.tex")
("C:\Program Files\MiKTeX 2.9\tex\generic\pgf\math\pgfmathfunctions.base.code.t
ex")
("C:\Program Files\MiKTeX 2.9\tex\generic\pgf\math\pgfmathfunctions.round.code.
tex")
("C:\Program Files\MiKTeX 2.9\tex\generic\pgf\math\pgfmathfunctions.misc.code.t
ex")
("C:\Program Files\MiKTeX 2.9\tex\generic\pgf\math\pgfmathfunctions.integerarit
hmetics.code.tex")))
("C:\Program Files\MiKTeX 2.9\tex\generic\pgf\math\pgfmathfloat.code.tex"
\c@pgfmathroundto@lastzeros=\count114
))
("C:\Program Files\MiKTeX 2.9\tex\generic\pgf\basiclayer\pgfcorepoints.code.tex
"
File: pgfcorepoints.code.tex 2013/10/07  (rcs-revision 1.27)
\pgf@picminx=\dimen134
\pgf@picmaxx=\dimen135
\pgf@picminy=\dimen136
\pgf@picmaxy=\dimen137
\pgf@pathminx=\dimen138
\pgf@pathmaxx=\dimen139
\pgf@pathminy=\dimen140
\pgf@pathmaxy=\dimen141
\pgf@xx=\dimen142
\pgf@xy=\dimen143
\pgf@yx=\dimen144
\pgf@yy=\dimen145
\pgf@zx=\dimen146
\pgf@zy=\dimen147
)
("C:\Program Files\MiKTeX 2.9\tex\generic\pgf\basiclayer\pgfcorepathconstruct.c
ode.tex"
File: pgfcorepathconstruct.code.tex 2013/10/07  (rcs-revision 1.29)
\pgf@path@lastx=\dimen148
\pgf@path@lasty=\dimen149
)
("C:\Program Files\MiKTeX 2.9\tex\generic\pgf\basiclayer\pgfcorepathusage.code.
tex"
File: pgfcorepathusage.code.tex 2014/11/02  (rcs-revision 1.24)
\pgf@shorten@end@additional=\dimen150
\pgf@shorten@start@additional=\dimen151
)
("C:\Program Files\MiKTeX 2.9\tex\generic\pgf\basiclayer\pgfcorescopes.code.tex
"
File: pgfcorescopes.code.tex 2015/05/08  (rcs-revision 1.46)
\pgfpic=\box30
\pgf@hbox=\box31
\pgf@layerbox@main=\box32
\pgf@picture@serial@count=\count115
)
("C:\Program Files\MiKTeX 2.9\tex\generic\pgf\basiclayer\pgfcoregraphicstate.co
de.tex"
File: pgfcoregraphicstate.code.tex 2014/11/02  (rcs-revision 1.12)
\pgflinewidth=\dimen152
)
("C:\Program Files\MiKTeX 2.9\tex\generic\pgf\basiclayer\pgfcoretransformations
.code.tex"
File: pgfcoretransformations.code.tex 2015/08/07  (rcs-revision 1.20)
\pgf@pt@x=\dimen153
\pgf@pt@y=\dimen154
\pgf@pt@temp=\dimen155
)
("C:\Program Files\MiKTeX 2.9\tex\generic\pgf\basiclayer\pgfcorequick.code.tex"
File: pgfcorequick.code.tex 2008/10/09  (rcs-revision 1.3)
)
("C:\Program Files\MiKTeX 2.9\tex\generic\pgf\basiclayer\pgfcoreobjects.code.te
x"
File: pgfcoreobjects.code.tex 2006/10/11  (rcs-revision 1.2)
)
("C:\Program Files\MiKTeX 2.9\tex\generic\pgf\basiclayer\pgfcorepathprocessing.
code.tex"
File: pgfcorepathprocessing.code.tex 2013/09/09  (rcs-revision 1.9)
)
("C:\Program Files\MiKTeX 2.9\tex\generic\pgf\basiclayer\pgfcorearrows.code.tex
"
File: pgfcorearrows.code.tex 2015/05/14  (rcs-revision 1.43)
\pgfarrowsep=\dimen156
)
("C:\Program Files\MiKTeX 2.9\tex\generic\pgf\basiclayer\pgfcoreshade.code.tex"
File: pgfcoreshade.code.tex 2013/07/15  (rcs-revision 1.15)
\pgf@max=\dimen157
\pgf@sys@shading@range@num=\count116
) ("C:\Program Files\MiKTeX 2.9\tex\generic\pgf\basiclayer\pgfcoreimage.code.te
x"
File: pgfcoreimage.code.tex 2013/07/15  (rcs-revision 1.18)

("C:\Program Files\MiKTeX 2.9\tex\generic\pgf\basiclayer\pgfcoreexternal.code.t
ex"
File: pgfcoreexternal.code.tex 2014/07/09  (rcs-revision 1.21)
\pgfexternal@startupbox=\box33
))
("C:\Program Files\MiKTeX 2.9\tex\generic\pgf\basiclayer\pgfcorelayers.code.tex
"
File: pgfcorelayers.code.tex 2013/07/18  (rcs-revision 1.7)
)
("C:\Program Files\MiKTeX 2.9\tex\generic\pgf\basiclayer\pgfcoretransparency.co
de.tex"
File: pgfcoretransparency.code.tex 2013/09/30  (rcs-revision 1.5)
)
("C:\Program Files\MiKTeX 2.9\tex\generic\pgf\basiclayer\pgfcorepatterns.code.t
ex"
File: pgfcorepatterns.code.tex 2013/11/07  (rcs-revision 1.5)
)))
("C:\Program Files\MiKTeX 2.9\tex\generic\pgf\modules\pgfmoduleshapes.code.tex"
File: pgfmoduleshapes.code.tex 2014/03/21  (rcs-revision 1.35)
\pgfnodeparttextbox=\box34
) ("C:\Program Files\MiKTeX 2.9\tex\generic\pgf\modules\pgfmoduleplot.code.tex"
File: pgfmoduleplot.code.tex 2015/08/03  (rcs-revision 1.13)
)
("C:\Program Files\MiKTeX 2.9\tex\latex\pgf\compatibility\pgfcomp-version-0-65.
sty"
Package: pgfcomp-version-0-65 2007/07/03 v3.0.1a (rcs-revision 1.7)
\pgf@nodesepstart=\dimen158
\pgf@nodesepend=\dimen159
)
("C:\Program Files\MiKTeX 2.9\tex\latex\pgf\compatibility\pgfcomp-version-1-18.
sty"
Package: pgfcomp-version-1-18 2007/07/23 v3.0.1a (rcs-revision 1.1)
)) ("C:\Program Files\MiKTeX 2.9\tex\latex\pgf\utilities\pgffor.sty"
("C:\Program Files\MiKTeX 2.9\tex\latex\pgf\utilities\pgfkeys.sty"
("C:\Program Files\MiKTeX 2.9\tex\generic\pgf\utilities\pgfkeys.code.tex"))
("C:\Program Files\MiKTeX 2.9\tex\latex\pgf\math\pgfmath.sty"
("C:\Program Files\MiKTeX 2.9\tex\generic\pgf\math\pgfmath.code.tex"))
("C:\Program Files\MiKTeX 2.9\tex\generic\pgf\utilities\pgffor.code.tex"
Package: pgffor 2013/12/13 v3.0.1a (rcs-revision 1.25)

("C:\Program Files\MiKTeX 2.9\tex\generic\pgf\math\pgfmath.code.tex")
\pgffor@iter=\dimen160
\pgffor@skip=\dimen161
\pgffor@stack=\toks38
\pgffor@toks=\toks39
))
("C:\Program Files\MiKTeX 2.9\tex\generic\pgf\frontendlayer\tikz\tikz.code.tex"
Package: tikz 2015/08/07 v3.0.1a (rcs-revision 1.151)

("C:\Program Files\MiKTeX 2.9\tex\generic\pgf\libraries\pgflibraryplothandlers.
code.tex"
File: pgflibraryplothandlers.code.tex 2013/08/31 v3.0.1a (rcs-revision 1.20)
\pgf@plot@mark@count=\count117
\pgfplotmarksize=\dimen162
)
\tikz@lastx=\dimen163
\tikz@lasty=\dimen164
\tikz@lastxsaved=\dimen165
\tikz@lastysaved=\dimen166
\tikzleveldistance=\dimen167
\tikzsiblingdistance=\dimen168
\tikz@figbox=\box35
\tikz@figbox@bg=\box36
\tikz@tempbox=\box37
\tikz@tempbox@bg=\box38
\tikztreelevel=\count118
\tikznumberofchildren=\count119
\tikznumberofcurrentchild=\count120
\tikz@fig@count=\count121

("C:\Program Files\MiKTeX 2.9\tex\generic\pgf\modules\pgfmodulematrix.code.tex"
File: pgfmodulematrix.code.tex 2013/09/17  (rcs-revision 1.8)
\pgfmatrixcurrentrow=\count122
\pgfmatrixcurrentcolumn=\count123
\pgf@matrix@numberofcolumns=\count124
)
\tikz@expandcount=\count125

("C:\Program Files\MiKTeX 2.9\tex\generic\pgf\frontendlayer\tikz\libraries\tikz
librarytopaths.code.tex"
File: tikzlibrarytopaths.code.tex 2008/06/17 v3.0.1a (rcs-revision 1.2)
)))
("C:\Program Files\MiKTeX 2.9\tex\generic\pgf\frontendlayer\tikz\libraries\tikz
librarypositioning.code.tex"
File: tikzlibrarypositioning.code.tex 2008/10/06 v3.0.1a (rcs-revision 1.7)
)
("C:\Program Files\MiKTeX 2.9\tex\latex\tools\calc.sty"
Package: calc 2017/05/25 v4.3 Infix arithmetic (KKT,FJ)
\calc@Acount=\count126
\calc@Bcount=\count127
\calc@Adimen=\dimen169
\calc@Bdimen=\dimen170
\calc@Askip=\skip46
\calc@Bskip=\skip47
LaTeX Info: Redefining \setlength on input line 80.
LaTeX Info: Redefining \addtolength on input line 81.
\calc@Ccount=\count128
\calc@Cskip=\skip48
)
\c@@todonotes@numberoftodonotes=\count129
)
("C:\Program Files\MiKTeX 2.9\tex\latex\listings\listings.sty"
\lst@mode=\count130
\lst@gtempboxa=\box39
\lst@token=\toks40
\lst@length=\count131
\lst@currlwidth=\dimen171
\lst@column=\count132
\lst@pos=\count133
\lst@lostspace=\dimen172
\lst@width=\dimen173
\lst@newlines=\count134
\lst@lineno=\count135
\lst@maxwidth=\dimen174

("C:\Program Files\MiKTeX 2.9\tex\latex\listings\lstmisc.sty"
File: lstmisc.sty 2018/09/02 1.7 (Carsten Heinz)
\c@lstnumber=\count136
\lst@skipnumbers=\count137
\lst@framebox=\box40
)
("C:\Program Files\MiKTeX 2.9\tex\latex\listings\listings.cfg"
File: listings.cfg 2018/09/02 1.7 listings configuration
))
Package: listings 2018/09/02 1.7 (Carsten Heinz)

("C:\Program Files\MiKTeX 2.9\tex\latex\float\float.sty"
Package: float 2001/11/08 v1.3d Float enhancements (AL)
\c@float@type=\count138
\float@exts=\toks41
\float@box=\box41
\@float@everytoks=\toks42
\@floatcapt=\box42
)
("C:\Program Files\MiKTeX 2.9\tex\latex\caption\subcaption.sty"
Package: subcaption 2018/05/01 v1.1-162 Sub-captions (AR)

("C:\Program Files\MiKTeX 2.9\tex\latex\caption\caption.sty"
Package: caption 2018/10/06 v3.3-154 Customizing captions (AR)

("C:\Program Files\MiKTeX 2.9\tex\latex\caption\caption3.sty"
Package: caption3 2018/09/12 v1.8c caption3 kernel (AR)
Package caption3 Info: TeX engine: e-TeX on input line 64.
\captionmargin=\dimen175
\captionmargin@=\dimen176
\captionwidth=\dimen177
\caption@tempdima=\dimen178
\caption@indent=\dimen179
\caption@parindent=\dimen180
\caption@hangindent=\dimen181
)
\c@caption@flags=\count139
\c@ContinuedFloat=\count140
Package caption Info: float package is loaded.
Package caption Info: listings package is loaded.
)
\c@subfigure=\count141
\c@subtable=\count142
)
Package caption Info: We need package `newfloat' on input line 12.

("C:\Program Files\MiKTeX 2.9\tex\latex\caption\newfloat.sty"
Package: newfloat 2018/03/04 v1.1a Defining new floating environments (AR)
)
("C:\Program Files\MiKTeX 2.9\tex\latex\graphics\rotating.sty"
Package: rotating 2016/08/11 v2.16d rotated objects in LaTeX
\c@r@tfl@t=\count143
\rotFPtop=\skip49
\rotFPbot=\skip50
\rot@float@box=\box43
\rot@mess@toks=\toks43
)
("C:\Program Files\MiKTeX 2.9\tex\latex\hyperref\hyperref.sty"
Package: hyperref 2018/09/30 v6.88a Hypertext links for LaTeX

("C:\Program Files\MiKTeX 2.9\tex\generic\oberdiek\hobsub-hyperref.sty"
Package: hobsub-hyperref 2016/05/16 v1.14 Bundle oberdiek, subset hyperref (HO)


("C:\Program Files\MiKTeX 2.9\tex\generic\oberdiek\hobsub-generic.sty"
Package: hobsub-generic 2016/05/16 v1.14 Bundle oberdiek, subset generic (HO)
Package: hobsub 2016/05/16 v1.14 Construct package bundles (HO)
Package: infwarerr 2016/05/16 v1.4 Providing info/warning/error messages (HO)
Package: ltxcmds 2016/05/16 v1.23 LaTeX kernel commands for general use (HO)
Package: ifluatex 2016/05/16 v1.4 Provides the ifluatex switch (HO)
Package ifluatex Info: LuaTeX not detected.
Package hobsub Info: Skipping package `ifvtex' (already loaded).
Package: intcalc 2016/05/16 v1.2 Expandable calculations with integers (HO)
Package hobsub Info: Skipping package `ifpdf' (already loaded).
Package: etexcmds 2016/05/16 v1.6 Avoid name clashes with e-TeX commands (HO)
Package: kvsetkeys 2016/05/16 v1.17 Key value parser (HO)
Package: kvdefinekeys 2016/05/16 v1.4 Define keys (HO)
Package: pdftexcmds 2018/09/10 v0.29 Utility functions of pdfTeX for LuaTeX (HO
)
Package pdftexcmds Info: LuaTeX not detected.
Package pdftexcmds Info: \pdf@primitive is available.
Package pdftexcmds Info: \pdf@ifprimitive is available.
Package pdftexcmds Info: \pdfdraftmode found.
Package: pdfescape 2016/05/16 v1.14 Implements pdfTeX's escape features (HO)
Package: bigintcalc 2016/05/16 v1.4 Expandable calculations on big integers (HO
)
Package: bitset 2016/05/16 v1.2 Handle bit-vector datatype (HO)
Package: uniquecounter 2016/05/16 v1.3 Provide unlimited unique counter (HO)
)
Package hobsub Info: Skipping package `hobsub' (already loaded).
Package: letltxmacro 2016/05/16 v1.5 Let assignment for LaTeX macros (HO)
Package: hopatch 2016/05/16 v1.3 Wrapper for package hooks (HO)
Package: xcolor-patch 2016/05/16 xcolor patch
Package: atveryend 2016/05/16 v1.9 Hooks at the very end of document (HO)
Package atveryend Info: \enddocument detected (standard20110627).
Package: atbegshi 2016/06/09 v1.18 At begin shipout hook (HO)
Package: refcount 2016/05/16 v3.5 Data extraction from label references (HO)
Package: hycolor 2016/05/16 v1.8 Color options for hyperref/bookmark (HO)
)
("C:\Program Files\MiKTeX 2.9\tex\latex\oberdiek\auxhook.sty"
Package: auxhook 2016/05/16 v1.4 Hooks for auxiliary files (HO)
)
("C:\Program Files\MiKTeX 2.9\tex\latex\oberdiek\kvoptions.sty"
Package: kvoptions 2016/05/16 v3.12 Key value format for package options (HO)
)
\@linkdim=\dimen182
\Hy@linkcounter=\count144
\Hy@pagecounter=\count145

("C:\Program Files\MiKTeX 2.9\tex\latex\hyperref\pd1enc.def"
File: pd1enc.def 2018/09/30 v6.88a Hyperref: PDFDocEncoding definition (HO)
)
\Hy@SavedSpaceFactor=\count146

("C:\Program Files\MiKTeX 2.9\tex\latex\00miktex\hyperref.cfg"
File: hyperref.cfg 2002/06/06 v1.2 hyperref configuration of TeXLive
)
Package hyperref Info: Hyper figures OFF on input line 4535.
Package hyperref Info: Link nesting OFF on input line 4540.
Package hyperref Info: Hyper index ON on input line 4543.
Package hyperref Info: Plain pages OFF on input line 4550.
Package hyperref Info: Backreferencing OFF on input line 4555.
Package hyperref Info: Implicit mode ON; LaTeX internals redefined.
Package hyperref Info: Bookmarks ON on input line 4788.
\c@Hy@tempcnt=\count147

("C:\Program Files\MiKTeX 2.9\tex\latex\url\url.sty"
\Urlmuskip=\muskip11
Package: url 2013/09/16  ver 3.4  Verb mode for urls, etc.
)
LaTeX Info: Redefining \url on input line 5141.
\XeTeXLinkMargin=\dimen183
\Fld@menulength=\count148
\Field@Width=\dimen184
\Fld@charsize=\dimen185
Package hyperref Info: Hyper figures OFF on input line 6396.
Package hyperref Info: Link nesting OFF on input line 6401.
Package hyperref Info: Hyper index ON on input line 6404.
Package hyperref Info: backreferencing OFF on input line 6411.
Package hyperref Info: Link coloring OFF on input line 6416.
Package hyperref Info: Link coloring with OCG OFF on input line 6421.
Package hyperref Info: PDF/A mode OFF on input line 6426.
LaTeX Info: Redefining \ref on input line 6466.
LaTeX Info: Redefining \pageref on input line 6470.
\Hy@abspage=\count149
\c@Item=\count150
\c@Hfootnote=\count151
)
Package hyperref Info: Driver (autodetected): hpdftex.

("C:\Program Files\MiKTeX 2.9\tex\latex\hyperref\hpdftex.def"
File: hpdftex.def 2018/09/30 v6.88a Hyperref driver for pdfTeX
\Fld@listcount=\count152
\c@bookmark@seq@number=\count153

("C:\Program Files\MiKTeX 2.9\tex\latex\oberdiek\rerunfilecheck.sty"
Package: rerunfilecheck 2016/05/16 v1.8 Rerun checks for auxiliary files (HO)
Package uniquecounter Info: New unique counter `rerunfilecheck' on input line 2
82.
)
\Hy@SectionHShift=\skip51
))
(FysikRapport.aux

LaTeX Warning: Label `fig:Resultatbehandling3' multiply defined.

)
\openout1 = `FysikRapport.aux'.

LaTeX Font Info:    Checking defaults for OML/cmm/m/it on input line 8.
LaTeX Font Info:    ... okay on input line 8.
LaTeX Font Info:    Checking defaults for T1/cmr/m/n on input line 8.
LaTeX Font Info:    ... okay on input line 8.
LaTeX Font Info:    Checking defaults for OT1/cmr/m/n on input line 8.
LaTeX Font Info:    ... okay on input line 8.
LaTeX Font Info:    Checking defaults for OMS/cmsy/m/n on input line 8.
LaTeX Font Info:    ... okay on input line 8.
LaTeX Font Info:    Checking defaults for OMX/cmex/m/n on input line 8.
LaTeX Font Info:    ... okay on input line 8.
LaTeX Font Info:    Checking defaults for U/cmr/m/n on input line 8.
LaTeX Font Info:    ... okay on input line 8.
LaTeX Font Info:    Checking defaults for PD1/pdf/m/n on input line 8.
LaTeX Font Info:    ... okay on input line 8.
 ("C:\Program Files\MiKTeX 2.9\tex\context\base\supp-pdf.mkii"
[Loading MPS to PDF converter (version 2006.09.02).]
\scratchcounter=\count154
\scratchdimen=\dimen186
\scratchbox=\box44
\nofMPsegments=\count155
\nofMParguments=\count156
\everyMPshowfont=\toks44
\MPscratchCnt=\count157
\MPscratchDim=\dimen187
\MPnumerator=\count158
\makeMPintoPDFobject=\count159
\everyMPtoPDFconversion=\toks45
) ("C:\Program Files\MiKTeX 2.9\tex\latex\oberdiek\epstopdf-base.sty"
Package: epstopdf-base 2016/05/15 v2.6 Base part for package epstopdf

("C:\Program Files\MiKTeX 2.9\tex\latex\oberdiek\grfext.sty"
Package: grfext 2016/05/16 v1.2 Manage graphics extensions (HO)
)
Package epstopdf-base Info: Redefining graphics rule for `.eps' on input line 4
38.
Package grfext Info: Graphics extension search list:
(grfext)             [.pdf,.png,.jpg,.mps,.jpeg,.jbig2,.jb2,.PDF,.PNG,.JPG,.JPE
G,.JBIG2,.JB2,.eps]
(grfext)             \AppendGraphicsExtensions on input line 456.
)
*geometry* driver: auto-detecting
*geometry* detected driver: pdftex
*geometry* verbose mode - [ preamble ] result:
* driver: pdftex
* paper: <default>
* layout: <same size as paper>
* layoutoffset:(h,v)=(0.0pt,0.0pt)
* modes: 
* h-part:(L,W,R)=(85.35826pt, 443.57848pt, 85.35826pt)
* v-part:(T,H,B)=(85.35826pt, 624.25346pt, 85.35826pt)
* \paperwidth=614.295pt
* \paperheight=794.96999pt
* \textwidth=443.57848pt
* \textheight=624.25346pt
* \oddsidemargin=13.08827pt
* \evensidemargin=13.08827pt
* \topmargin=-23.91173pt
* \headheight=12.0pt
* \headsep=25.0pt
* \topskip=12.0pt
* \footskip=30.0pt
* \marginparwidth=44.0pt
* \marginparsep=10.0pt
* \columnsep=10.0pt
* \skip\footins=10.8pt plus 4.0pt minus 2.0pt
* \hoffset=0.0pt
* \voffset=0.0pt
* \mag=1000
* \@twocolumnfalse
* \@twosidefalse
* \@mparswitchfalse
* \@reversemarginfalse
* (1in=72.27pt=25.4mm, 1cm=28.453pt)

("C:\Program Files\MiKTeX 2.9\tex\latex\ucs\ucsencs.def"
File: ucsencs.def 2011/01/21 Fixes to fontencodings LGR, T3
)
ABD: EveryShipout initializing macros

Package todonotes Warning: The length marginparwidth is less than 2cm and will 
most likely cause issues with the appearance of inserted todonotes. The issue c
an be solved by adding a line like \setlength {\marginparwidth }{2cm} prior to 
loading the todonotes package. on input line 8.

\c@lstlisting=\count160
Package caption Info: Begin \AtBeginDocument code.
Package caption Info: hyperref package is loaded.
Package caption Info: rotating package is loaded.
Package caption Info: End \AtBeginDocument code.
\AtBeginShipoutBox=\box45
Package hyperref Info: Link coloring OFF on input line 8.
("C:\Program Files\MiKTeX 2.9\tex\latex\hyperref\nameref.sty"
Package: nameref 2016/05/21 v2.44 Cross-referencing by name of section

("C:\Program Files\MiKTeX 2.9\tex\generic\oberdiek\gettitlestring.sty"
Package: gettitlestring 2016/05/16 v1.5 Cleanup title references (HO)
)
\c@section@level=\count161
)
LaTeX Info: Redefining \ref on input line 8.
LaTeX Info: Redefining \pageref on input line 8.
LaTeX Info: Redefining \nameref on input line 8.

(FysikRapport.out) (FysikRapport.out)
\@outlinefile=\write4
\openout4 = `FysikRapport.out'.

 (Tekst/Forside.tex
("C:\Program Files\MiKTeX 2.9\tex\latex\ucs\uni-0.def"
File: uni-0.def 2013/05/13 UCS: Unicode data U+0000..U+00FF
) [1

{C:/Users/nikol/AppData/Local/MiKTeX/2.9/pdftex/config/pdftex.map}]) (FysikRapp
ort.toc)
\tf@toc=\write5
\openout5 = `FysikRapport.toc'.

pdfTeX warning (ext4): destination with the same identifier (name{page.1}) has 
been already used, duplicate ignored
<to be read again> 
                   \relax 
l.17 \newpage
              [1] (Tekst/Indledning.tex
Underfull \hbox (badness 10000) in paragraph at lines 4--5

 []

) [2] (Tekst/Kravspecifikation.tex
Underfull \hbox (badness 10000) in paragraph at lines 4--5

 []

("C:\Program Files\MiKTeX 2.9\tex\latex\ucs\uni-32.def"
File: uni-32.def 2013/05/13 UCS: Unicode data U+2000..U+20FF
)
LaTeX Font Info:    Try loading font information for OMS+cmr on input line 8.

("C:\Program Files\MiKTeX 2.9\tex\latex\base\omscmr.fd"
File: omscmr.fd 2014/09/29 v2.5h Standard LaTeX font definitions
)
LaTeX Font Info:    Font shape `OMS/cmr/m/n' in size <12> not available
(Font)              Font shape `OMS/cmsy/m/n' tried instead on input line 8.
) [3]
(Tekst/Problemanalyse.tex
Underfull \hbox (badness 10000) in paragraph at lines 4--5

 []


Underfull \hbox (badness 10000) in paragraph at lines 6--7

 []

) [4] (Tekst/Problemformulering.tex
Underfull \hbox (badness 10000) in paragraph at lines 4--5

 []

) [5] (Tekst/Projektafgraensning.tex
Underfull \hbox (badness 10000) in paragraph at lines 4--5

 []

<Billeder/Koncept_turret.png, id=111, 690.32906pt x 453.19313pt>
File: Billeder/Koncept_turret.png Graphic file (type png)
<use Billeder/Koncept_turret.png>
Package pdftex.def Info: Billeder/Koncept_turret.png  used on input line 8.
(pdftex.def)             Requested size: 276.12672pt x 181.27403pt.

Underfull \hbox (badness 10000) in paragraph at lines 13--14

 []

<Billeder/Fysik_koncept.png, id=113, 896.59969pt x 394.47375pt>
File: Billeder/Fysik_koncept.png Graphic file (type png)
<use Billeder/Fysik_koncept.png>
Package pdftex.def Info: Billeder/Fysik_koncept.png  used on input line 19.
(pdftex.def)             Requested size: 358.63351pt x 157.7867pt.
) [6 <./Billeder/Koncept_turret.png>] [7 <./Billeder/Fysik_koncept.png>]
(Tekst/Tidsplan.tex
<Billeder/Tidsplan_23_11_2018.png, id=127, 638.68613pt x 363.759pt>
File: Billeder/Tidsplan_23_11_2018.png Graphic file (type png)
<use Billeder/Tidsplan_23_11_2018.png>
Package pdftex.def Info: Billeder/Tidsplan_23_11_2018.png  used on input line 6
.
(pdftex.def)             Requested size: 510.94958pt x 291.0076pt.
) (Tekst/Teori.tex
<Billeder/skrakast.png, id=128, 566.86781pt x 285.31593pt>
File: Billeder/skrakast.png Graphic file (type png)
<use Billeder/skrakast.png>
Package pdftex.def Info: Billeder/skrakast.png  used on input line 7.
(pdftex.def)             Requested size: 396.80476pt x 199.71979pt.
 [8 <./Billeder/Tidsplan_23_11_2018.png>]
Underfull \hbox (badness 10000) in paragraph at lines 12--14

 []


Underfull \hbox (badness 10000) in paragraph at lines 22--23

 []


Underfull \hbox (badness 10000) in paragraph at lines 33--34

 []


Underfull \hbox (badness 10000) in paragraph at lines 42--43

 []


Underfull \hbox (badness 10000) in paragraph at lines 51--52

 []

[9 <./Billeder/skrakast.png>]
Underfull \hbox (badness 10000) in paragraph at lines 63--64

 []


Underfull \hbox (badness 10000) in paragraph at lines 71--72

 []


Underfull \hbox (badness 10000) in paragraph at lines 79--80

 []


Underfull \hbox (badness 10000) in paragraph at lines 87--89

 []


Underfull \hbox (badness 10000) in paragraph at lines 90--91

 []


Underfull \hbox (badness 10000) in paragraph at lines 98--99

 []

[10]
<Billeder/Opstilling.png, id=153, 963.6pt x 722.7pt>
File: Billeder/Opstilling.png Graphic file (type png)
<use Billeder/Opstilling.png>
Package pdftex.def Info: Billeder/Opstilling.png  used on input line 144.
(pdftex.def)             Requested size: 385.43317pt x 289.07487pt.
 [11 <./Billeder/Opstilling.png>]
<Billeder/Resultatbehandling1.png, id=165, 482.55281pt x 117.43875pt>
File: Billeder/Resultatbehandling1.png Graphic file (type png)
<use Billeder/Resultatbehandling1.png>
Package pdftex.def Info: Billeder/Resultatbehandling1.png  used on input line 1
74.
(pdftex.def)             Requested size: 337.78465pt x 82.20654pt.
<Billeder/Resultatbehandling2.png, id=167, 485.56406pt x 54.2025pt>
File: Billeder/Resultatbehandling2.png Graphic file (type png)
<use Billeder/Resultatbehandling2.png>
Package pdftex.def Info: Billeder/Resultatbehandling2.png  used on input line 1
83.
(pdftex.def)             Requested size: 339.89252pt x 37.94148pt.
<Billeder/Resultatbehandling3.png, id=169, 331.2375pt x 124.96687pt>
File: Billeder/Resultatbehandling3.png Graphic file (type png)
<use Billeder/Resultatbehandling3.png>
Package pdftex.def Info: Billeder/Resultatbehandling3.png  used on input line 1
92.
(pdftex.def)             Requested size: 231.86465pt x 87.47621pt.
 [12 <./Billeder/Resultatbehandling1.png> <./Billeder/Resultatbehandling2.png>]
<Billeder/Resultatbehandling4.png, id=185, 479.54156pt x 58.71938pt>
File: Billeder/Resultatbehandling4.png Graphic file (type png)
<use Billeder/Resultatbehandling4.png>
Package pdftex.def Info: Billeder/Resultatbehandling4.png  used on input line 2
31.
(pdftex.def)             Requested size: 335.6768pt x 41.10326pt.

Underfull \hbox (badness 10000) in paragraph at lines 236--238

 []


Underfull \hbox (badness 10000) in paragraph at lines 239--240

 []


Underfull \hbox (badness 10000) in paragraph at lines 248--249

 []

[13 <./Billeder/Resultatbehandling3.png> <./Billeder/Resultatbehandling4.png>]
Underfull \hbox (badness 10000) in paragraph at lines 250--251

 []


Underfull \hbox (badness 10000) in paragraph at lines 252--253

 []

<Billeder/Resultatbehandling5.png, id=195, 435.12563pt x 96.36pt>
File: Billeder/Resultatbehandling5.png Graphic file (type png)
<use Billeder/Resultatbehandling5.png>
Package pdftex.def Info: Billeder/Resultatbehandling5.png  used on input line 2
68.
(pdftex.def)             Requested size: 304.58586pt x 67.45152pt.

Underfull \hbox (badness 10000) in paragraph at lines 273--274

 []


Underfull \hbox (badness 10000) in paragraph at lines 281--282

 []

<Billeder/Resultatbehandling6.png, id=197, 371.13657pt x 92.59593pt>
File: Billeder/Resultatbehandling6.png Graphic file (type png)
<use Billeder/Resultatbehandling6.png>
Package pdftex.def Info: Billeder/Resultatbehandling6.png  used on input line 2
85.
(pdftex.def)             Requested size: 259.79381pt x 64.8167pt.
<Billeder/Resultatbehandling7.png, id=198, 466.74374pt x 130.23656pt>
File: Billeder/Resultatbehandling7.png Graphic file (type png)
<use Billeder/Resultatbehandling7.png>
Package pdftex.def Info: Billeder/Resultatbehandling7.png  used on input line 2
92.
(pdftex.def)             Requested size: 326.71838pt x 91.16496pt.
[14 <./Billeder/Resultatbehandling5.png> <./Billeder/Resultatbehandling6.png>]
<Billeder/Resultatbehandling8.png, id=207, 480.29437pt x 184.43906pt>
File: Billeder/Resultatbehandling8.png Graphic file (type png)
<use Billeder/Resultatbehandling8.png>
Package pdftex.def Info: Billeder/Resultatbehandling8.png  used on input line 2
99.
(pdftex.def)             Requested size: 336.20375pt x 129.10645pt.

Underfull \hbox (badness 10000) in paragraph at lines 304--305

 []


Underfull \hbox (badness 10000) in paragraph at lines 306--307

 []

[15 <./Billeder/Resultatbehandling7.png> <./Billeder/Resultatbehandling8.png>]
Underfull \hbox (badness 10000) in paragraph at lines 326--327

 []


Underfull \hbox (badness 10000) in paragraph at lines 328--329

 []


Underfull \hbox (badness 10000) in paragraph at lines 330--331

 []

) [16] (Tekst/ProduktFlow.tex
Underfull \hbox (badness 10000) in paragraph at lines 2--3

 []

<Billeder/Kredsloeb1.png, id=228, 603.25375pt x 492.84125pt>
File: Billeder/Kredsloeb1.png Graphic file (type png)
<use Billeder/Kredsloeb1.png>
Package pdftex.def Info: Billeder/Kredsloeb1.png  used on input line 9.
(pdftex.def)             Requested size: 482.60365pt x 394.27351pt.

Overfull \hbox (39.02518pt too wide) in paragraph at lines 9--10
 [][] 
 []

<Billeder/Flowchart1.png, id=229, 565.36218pt x 429.10312pt>
File: Billeder/Flowchart1.png Graphic file (type png)
<use Billeder/Flowchart1.png>
Package pdftex.def Info: Billeder/Flowchart1.png  used on input line 17.
(pdftex.def)             Requested size: 452.29036pt x 343.28296pt.
[17 <./Billeder/Kredsloeb1.png>] [18 <./Billeder/Flowchart1.png>] [19]
<Billeder/Kredsloeb2.png, id=248, 543.02875pt x 362.35374pt>
File: Billeder/Kredsloeb2.png Graphic file (type png)
<use Billeder/Kredsloeb2.png>
Package pdftex.def Info: Billeder/Kredsloeb2.png  used on input line 89.
(pdftex.def)             Requested size: 434.42357pt x 289.88339pt.
<Billeder/Flowchart2.png, id=249, 410.53375pt x 681.54625pt>
File: Billeder/Flowchart2.png Graphic file (type png)
<use Billeder/Flowchart2.png>
Package pdftex.def Info: Billeder/Flowchart2.png  used on input line 97.
(pdftex.def)             Requested size: 328.42744pt x 545.23775pt.
 [20 <./Billeder/Kredsloeb2.png>] [21 <./Billeder/Flowchart2.png>]) [22]
(Tekst/Kildeliste.tex
Overfull \hbox (19.54675pt too wide) in paragraph at lines 2--6
[]$\OT1/cmtt/m/n/12 http : / / www . matematikfysik . dk / fys / noter _ tillae
g / tillaeg _ det _ skraa _ kast _ uden _
 []


Overfull \hbox (52.75911pt too wide) in paragraph at lines 2--6
[]$\OT1/cmtt/m/n/12 http : / / www . matematiksider . dk / projekter / skraakas
t . pdf$[] \OT1/cmr/m/n/12 af []$\OT1/cmtt/m/n/12 http : / / www . matematiksid
er .
 []

) [23] (Tekst/Bilag.tex
<Billeder/Maeldata.png, id=277, 432.4155pt x 290.88675pt>
File: Billeder/Maeldata.png Graphic file (type png)
<use Billeder/Maeldata.png>
Package pdftex.def Info: Billeder/Maeldata.png  used on input line 6.
(pdftex.def)             Requested size: 432.41444pt x 290.88603pt.
) [24 <./Billeder/Maeldata.png>]
Package atveryend Info: Empty hook `BeforeClearDocument' on input line 65.
Package atveryend Info: Empty hook `AfterLastShipout' on input line 65.
 (FysikRapport.aux)
Package atveryend Info: Executing hook `AtVeryEndDocument' on input line 65.
Package atveryend Info: Executing hook `AtEndAfterFileList' on input line 65.
Package rerunfilecheck Info: File `FysikRapport.out' has not changed.
(rerunfilecheck)             Checksum: F7D467D0056AC77175B883459A435635;906.


LaTeX Warning: There were multiply-defined labels.

Package atveryend Info: Empty hook `AtVeryVeryEnd' on input line 65.
 ) 
Here is how much of TeX's memory you used:
 20913 strings out of 492969
 377390 string characters out of 3135846
 468794 words of memory out of 3000000
 24305 multiletter control sequences out of 15000+200000
 11863 words of font info for 43 fonts, out of 3000000 for 9000
 1141 hyphenation exceptions out of 8191
 64i,14n,94p,657b,597s stack positions out of 5000i,500n,10000p,200000b,50000s
<C:/Program Files/MiKTeX 2.9/fonts/type1/public/amsfonts/cm/cmbx12.pfb><C:/Pr
ogram Files/MiKTeX 2.9/fonts/type1/public/amsfonts/cm/cmcsc10.pfb><C:/Program F
iles/MiKTeX 2.9/fonts/type1/public/amsfonts/cm/cmex10.pfb><C:/Program Files/MiK
TeX 2.9/fonts/type1/public/amsfonts/cm/cmmi12.pfb><C:/Program Files/MiKTeX 2.9/
fonts/type1/public/amsfonts/cm/cmmi8.pfb><C:/Program Files/MiKTeX 2.9/fonts/typ
e1/public/amsfonts/cm/cmr12.pfb><C:/Program Files/MiKTeX 2.9/fonts/type1/public
/amsfonts/cm/cmr7.pfb><C:/Program Files/MiKTeX 2.9/fonts/type1/public/amsfonts/
cm/cmr8.pfb><C:/Program Files/MiKTeX 2.9/fonts/type1/public/amsfonts/cm/cmsy10.
pfb><C:/Program Files/MiKTeX 2.9/fonts/type1/public/amsfonts/cm/cmti12.pfb><C:/
Program Files/MiKTeX 2.9/fonts/type1/public/amsfonts/cm/cmtt10.pfb><C:/Program 
Files/MiKTeX 2.9/fonts/type1/public/amsfonts/cm/cmtt12.pfb>
Output written on FysikRapport.pdf (25 pages, 2731886 bytes).
PDF statistics:
 342 PDF objects out of 1000 (max. 8388607)
 71 named destinations out of 1000 (max. 500000)
 223 words of extra memory for PDF output out of 10000 (max. 10000000)

