\BOOKMARK [1][-]{section.1}{Indledning}{}% 1
\BOOKMARK [1][-]{section.2}{Projektbeskrivelse}{}% 2
\BOOKMARK [2][-]{subsection.2.1}{Projektanalyse}{section.2}% 3
\BOOKMARK [2][-]{subsection.2.2}{Projektformulering}{section.2}% 4
\BOOKMARK [2][-]{subsection.2.3}{Projektafgr\346nsning}{section.2}% 5
\BOOKMARK [2][-]{subsection.2.4}{Kravspecifikationer}{section.2}% 6
\BOOKMARK [2][-]{subsection.2.5}{Tidsplan}{section.2}% 7
\BOOKMARK [1][-]{section.3}{Systembeskrivelse}{}% 8
\BOOKMARK [2][-]{subsection.3.1}{Kanont\345rn}{section.3}% 9
\BOOKMARK [2][-]{subsection.3.2}{Controller}{section.3}% 10
\BOOKMARK [1][-]{section.4}{Hardware}{}% 11
\BOOKMARK [2][-]{subsection.4.1}{Stepper motor}{section.4}% 12
\BOOKMARK [2][-]{subsection.4.2}{DC motor}{section.4}% 13
\BOOKMARK [2][-]{subsection.4.3}{H-bro}{section.4}% 14
\BOOKMARK [2][-]{subsection.4.4}{Knapper}{section.4}% 15
\BOOKMARK [2][-]{subsection.4.5}{Rel\346}{section.4}% 16
\BOOKMARK [2][-]{subsection.4.6}{BlueSMiRF}{section.4}% 17
\BOOKMARK [2][-]{subsection.4.7}{Accelerometer}{section.4}% 18
\BOOKMARK [2][-]{subsection.4.8}{Sp\346ndingsregulator}{section.4}% 19
\BOOKMARK [2][-]{subsection.4.9}{Mikrocontroller \(ATMega328p\)}{section.4}% 20
\BOOKMARK [2][-]{subsection.4.10}{Krystaloscillator}{section.4}% 21
\BOOKMARK [2][-]{subsection.4.11}{El-diagrammer}{section.4}% 22
\BOOKMARK [3][-]{subsubsection.4.11.1}{Mikrocontrollerprint}{subsection.4.11}% 23
\BOOKMARK [2][-]{subsection.4.12}{PCB-layout}{section.4}% 24
\BOOKMARK [1][-]{section.5}{Software}{}% 25
\BOOKMARK [2][-]{subsection.5.1}{Generelt}{section.5}% 26
\BOOKMARK [2][-]{subsection.5.2}{IDE og sprog}{section.5}% 27
\BOOKMARK [2][-]{subsection.5.3}{Indsamling af viden om Arduino software}{section.5}% 28
\BOOKMARK [2][-]{subsection.5.4}{Program flow}{section.5}% 29
\BOOKMARK [2][-]{subsection.5.5}{Psedokode}{section.5}% 30
\BOOKMARK [3][-]{subsubsection.5.5.1}{Controller}{subsection.5.5}% 31
\BOOKMARK [3][-]{subsubsection.5.5.2}{Turret}{subsection.5.5}% 32
\BOOKMARK [2][-]{subsection.5.6}{Programbeskrivelse/gennemgang}{section.5}% 33
\BOOKMARK [1][-]{section.6}{Ikke elektroniske dele}{}% 34
\BOOKMARK [2][-]{subsection.6.1}{Production af kanont\345rn}{section.6}% 35
\BOOKMARK [2][-]{subsection.6.2}{Production af 3D print}{section.6}% 36
\BOOKMARK [2][-]{subsection.6.3}{Production af mikrocontrollerprint}{section.6}% 37
\BOOKMARK [1][-]{section.7}{Aftestning}{}% 38
\BOOKMARK [2][-]{subsection.7.1}{Test med pr\346fabrikeret H-bro \(L289N\)}{section.7}% 39
\BOOKMARK [2][-]{subsection.7.2}{Test af knapper}{section.7}% 40
\BOOKMARK [2][-]{subsection.7.3}{Aftestning af mikrocontroller og mikrocontrollerprint}{section.7}% 41
\BOOKMARK [2][-]{subsection.7.4}{Problemer under udviklingen af produktet }{section.7}% 42
\BOOKMARK [3][-]{subsubsection.7.4.1}{Problem \0431 - Stepper motor vs. DC motor}{subsection.7.4}% 43
\BOOKMARK [3][-]{subsubsection.7.4.2}{Problem \0432 - Flydende kommunikation}{subsection.7.4}% 44
\BOOKMARK [1][-]{section.8}{Konklusion}{}% 45
\BOOKMARK [1][-]{section.9}{Litteraturliste}{}% 46
\BOOKMARK [1][-]{section.10}{Bilag}{}% 47
