This is pdfTeX, Version 3.14159265-2.6-1.40.19 (MiKTeX 2.9.6880 64-bit) (preloaded format=pdflatex 2018.11.19)  25 NOV 2018 15:16
entering extended mode
**./Forside.tex
(Forside.tex
LaTeX2e <2018-04-01> patch level 5

! LaTeX Error: Environment titlepage undefined.

See the LaTeX manual or LaTeX Companion for explanation.
Type  H <return>  for immediate help.
 ...                                              
                                                  
l.4 \begin{titlepage}
                     
Your command was ignored.
Type  I <command> <return>  to replace it with another command,
or  <return>  to continue without it.


! LaTeX Error: Missing \begin{document}.

See the LaTeX manual or LaTeX Companion for explanation.
Type  H <return>  for immediate help.
 ...                                              
                                                  
l.8 \center
            % Center everything on the page
You're in trouble here.  Try typing  <return>  to proceed.
If that doesn't work, type  X <return>  to quit.


Overfull \hbox (20.0pt too wide) in paragraph at lines 8--8
[] 
 []

! Undefined control sequence.
<recently read> \LARGE 
                       
l.14 \textsc{\LARGE Aalborg Tekniske Gymnasium}
                                               \\[1.5cm] % Name of your univ...
The control sequence at the end of the top line
of your error message was never \def'ed. If you have
misspelled it (e.g., `\hobx'), type `I' and the correct
spelling (e.g., `I\hbox'). Otherwise just continue,
and I'll forget about whatever was undefined.


Overfull \hbox (43.77199pt too wide) in paragraph at lines 14--14
 \OT1/cmr/m/sc/10 Aalborg 
 []


Overfull \hbox (45.46086pt too wide) in paragraph at lines 14--14
 \OT1/cmr/m/sc/10 Tekniske 
 []


Overfull \hbox (25.8915pt too wide) in paragraph at lines 14--14
 \OT1/cmr/m/sc/10 Gym- 
 []


Overfull \hbox (16.04437pt too wide) in paragraph at lines 14--14
 \OT1/cmr/m/sc/10 na- 
 []


Overfull \hbox (21.1999pt too wide) in paragraph at lines 14--14
 \OT1/cmr/m/sc/10 sium 
 []

! Undefined control sequence.
<recently read> \Large 
                       
l.15 \textsc{\Large Studieområde-projekt}
                                          \\[0.5cm] % Major heading such as ...
The control sequence at the end of the top line
of your error message was never \def'ed. If you have
misspelled it (e.g., `\hobx'), type `I' and the correct
spelling (e.g., `I\hbox'). Otherwise just continue,
and I'll forget about whatever was undefined.


Overfull \hbox (74.5774pt too wide) in paragraph at lines 15--15
 []\OT1/cmr/m/sc/10 Studieomr[]ade- 
 []


Overfull \hbox (39.82202pt too wide) in paragraph at lines 15--15
 \OT1/cmr/m/sc/10 projekt 
 []

! Undefined control sequence.
<recently read> \large 
                       
l.16 \textsc{\large Fysik A \& el-teknik A}
                                           \\[0.5cm] % Minor heading such as...
The control sequence at the end of the top line
of your error message was never \def'ed. If you have
misspelled it (e.g., `\hobx'), type `I' and the correct
spelling (e.g., `I\hbox'). Otherwise just continue,
and I'll forget about whatever was undefined.


Overfull \hbox (27.21375pt too wide) in paragraph at lines 16--16
 []\OT1/cmr/m/sc/10 Fysik 
 []


Overfull \hbox (8.13881pt too wide) in paragraph at lines 16--16
 \OT1/cmr/m/sc/10 A 
 []


Overfull \hbox (8.44437pt too wide) in paragraph at lines 16--16
 \OT1/cmr/m/sc/10 & 
 []


Overfull \hbox (14.48878pt too wide) in paragraph at lines 16--16
 \OT1/cmr/m/sc/10 el- 
 []


Overfull \hbox (33.3554pt too wide) in paragraph at lines 16--16
 \OT1/cmr/m/sc/10 teknik 
 []


Overfull \hbox (8.13881pt too wide) in paragraph at lines 16--16
 \OT1/cmr/m/sc/10 A 
 []

! Undefined control sequence.
l.23 { \huge
             \bfseries En fjernstyret kanon \& det skrå kast  }\\[0.4cm] % ...
The control sequence at the end of the top line
of your error message was never \def'ed. If you have
misspelled it (e.g., `\hobx'), type `I' and the correct
spelling (e.g., `I\hbox'). Otherwise just continue,
and I'll forget about whatever was undefined.


Overfull \hbox (13.94437pt too wide) in paragraph at lines 23--23
 []\OT1/cmr/bx/n/10 En 
 []


Overfull \hbox (27.25682pt too wide) in paragraph at lines 23--23
 \OT1/cmr/bx/n/10 fjern- 
 []


Overfull \hbox (29.23735pt too wide) in paragraph at lines 23--23
 \OT1/cmr/bx/n/10 styret 
 []


Overfull \hbox (29.54843pt too wide) in paragraph at lines 23--23
 \OT1/cmr/bx/n/10 kanon 
 []


Overfull \hbox (8.9444pt too wide) in paragraph at lines 23--23
 \OT1/cmr/bx/n/10 & 
 []


Overfull \hbox (16.13187pt too wide) in paragraph at lines 23--23
 \OT1/cmr/bx/n/10 det 
 []


Overfull \hbox (20.93181pt too wide) in paragraph at lines 23--23
 \OT1/cmr/bx/n/10 skra 
 []


Overfull \hbox (20.02902pt too wide) in paragraph at lines 23--23
 \OT1/cmr/bx/n/10 kast 
 []

! Undefined control sequence.
l.31 \begin{flushleft} \large
                             
The control sequence at the end of the top line
of your error message was never \def'ed. If you have
misspelled it (e.g., `\hobx'), type `I' and the correct
spelling (e.g., `I\hbox'). Otherwise just continue,
and I'll forget about whatever was undefined.

Missing character: There is no N in font nullfont!
Missing character: There is no i in font nullfont!
Missing character: There is no k in font nullfont!
Missing character: There is no o in font nullfont!
Missing character: There is no l in font nullfont!
Missing character: There is no a in font nullfont!
Missing character: There is no i in font nullfont!
Missing character: There is no S in font nullfont!
Missing character: There is no e in font nullfont!
Missing character: There is no b in font nullfont!
Missing character: There is no a in font nullfont!
Missing character: There is no s in font nullfont!
Missing character: There is no t in font nullfont!
Missing character: There is no i in font nullfont!
Missing character: There is no a in font nullfont!
Missing character: There is no n in font nullfont!
Missing character: There is no L in font nullfont!
Missing character: There is no u in font nullfont!
Missing character: There is no c in font nullfont!
Missing character: There is no a in font nullfont!
Missing character: There is no s in font nullfont!
LaTeX Font Info:    External font `cmex10' loaded for size
(Font)              <7> on input line 37.
LaTeX Font Info:    External font `cmex10' loaded for size
(Font)              <5> on input line 37.
! Undefined control sequence.
l.40 \begin{flushright} \large
                              
The control sequence at the end of the top line
of your error message was never \def'ed. If you have
misspelled it (e.g., `\hobx'), type `I' and the correct
spelling (e.g., `I\hbox'). Otherwise just continue,
and I'll forget about whatever was undefined.

Missing character: There is no P in font nullfont!
Missing character: There is no i in font nullfont!
Missing character: There is no a in font nullfont!
Missing character: There is no T in font nullfont!
Missing character: There is no o in font nullfont!
Missing character: There is no m in font nullfont!

Overfull \hbox (3276.74998pt too wide) in paragraph at lines 30--45
 []$[]$ 
 []


Overfull \hbox (3276.74998pt too wide) in paragraph at lines 30--45
 []$ 
 []

! Undefined control sequence.
l.55 {\large
             \today}\\[2cm] % Date, change the \today to a set date if you w...
The control sequence at the end of the top line
of your error message was never \def'ed. If you have
misspelled it (e.g., `\hobx'), type `I' and the correct
spelling (e.g., `I\hbox'). Otherwise just continue,
and I'll forget about whatever was undefined.

! Undefined control sequence.
l.55 {\large \today
                   }\\[2cm] % Date, change the \today to a set date if you w...
The control sequence at the end of the top line
of your error message was never \def'ed. If you have
misspelled it (e.g., `\hobx'), type `I' and the correct
spelling (e.g., `I\hbox'). Otherwise just continue,
and I'll forget about whatever was undefined.


! LaTeX Error: There's no line here to end.

See the LaTeX manual or LaTeX Companion for explanation.
Type  H <return>  for immediate help.
 ...                                              
                                                  
l.55 {\large \today}\\
                      [2cm] % Date, change the \today to a set date if you w...

Your command was ignored.
Type  I <command> <return>  to replace it with another command,
or  <return>  to continue without it.


! LaTeX Error: \begin{document} ended by \end{titlepage}.

See the LaTeX manual or LaTeX Companion for explanation.
Type  H <return>  for immediate help.
 ...                                              
                                                  
l.61 \end{titlepage}
                    
Your command was ignored.
Type  I <command> <return>  to replace it with another command,
or  <return>  to continue without it.

)
! Emergency stop.
<*> ./Forside.tex
                 
*** (job aborted, no legal \end found)

 
Here is how much of TeX's memory you used:
 22 strings out of 492969
 305 string characters out of 3135846
 57202 words of memory out of 3000000
 3993 multiletter control sequences out of 15000+200000
 4595 words of font info for 17 fonts, out of 3000000 for 9000
 1141 hyphenation exceptions out of 8191
 20i,3n,18p,139b,219s stack positions out of 5000i,500n,10000p,200000b,50000s
!  ==> Fatal error occurred, no output PDF file produced!
